<?xml version="1.0" encoding="utf-8"?><testsuites name="pytest tests"><testsuite name="pytest" errors="0" failures="0" skipped="0" tests="106" time="81.582" timestamp="2026-08-15T16:27:51.694820+00:00" hostname="agent-env-220faf49-dde9-4898-ad67-7c2ed4572f1c"><testcase classname="tests.test_iteration2_fixes.TestProductsQueryParams" name="test_query_combos_200[deal=]" time="0.135" /><testcase classname="tests.backend_test.TestCatalog" name="test_list" time="0.131" /><testcase classname="tests.backend_test.TestCatalog" name="test_pagination" time="0.362" /><testcase classname="tests.test_iteration2_fixes.TestProductsQueryParams" name="test_query_combos_200[deal=1]" time="0.126" /><testcase classname="tests.test_iteration2_fixes.TestProductsQueryParams" name="test_query_combos_200[category=flashlights]" time="0.110" /><testcase classname="tests.test_iteration2_fixes.TestProductsQueryParams" name="test_query_combos_200[search=asw]" time="0.113" /><testcase classname="tests.test_iteration2_fixes.TestProductsQueryParams" name="test_query_combos_200[brand=ASW]" time="0.120" /><testcase classname="tests.backend_test.TestCatalog" name="test_search" time="0.100" /><testcase classname="tests.backend_test.TestCatalog" name="test_category_filter" time="0.105" /><testcase classname="tests.test_iteration2_fixes.TestProductsQueryParams" name="test_query_combos_200[sort=price_low]" time="0.107" /><testcase classname="tests.backend_test.TestCatalog" name="test_brand_filter_and_brands_endpoint" time="0.209" /><testcase classname="tests.test_iteration2_fixes.TestProductsQueryParams" name="test_query_combos_200[sort=price_high]" time="0.108" /><testcase classname="tests.test_iteration2_fixes.TestProductsQueryParams" name="test_query_combos_200[sort=rating]" time="0.105" /><testcase classname="tests.backend_test.TestCatalog" name="test_sorting[price_low-price-False]" time="0.102" /><testcase classname="tests.test_iteration2_fixes.TestProductsQueryParams" name="test_query_combos_200[sort=discount]" time="0.104" /><testcase classname="tests.backend_test.TestCatalog" name="test_sorting[price_high-price-True]" time="0.101" /><testcase classname="tests.test_iteration2_fixes.TestProductsQueryParams" name="test_query_combos_200[min_price=0&amp;max_price=200000]" time="0.106" /><testcase classname="tests.backend_test.TestCatalog" name="test_sorting[rating-rating-True]" time="0.116" /><testcase classname="tests.test_iteration2_fixes.TestProductsQueryParams" name="test_query_combos_200[deal=&amp;category=&amp;brand=&amp;search=&amp;sort=popular]" time="0.125" /><testcase classname="tests.backend_test.TestCatalog" name="test_sorting[discount-discount_pct-True]" time="0.099" /><testcase classname="tests.test_iteration2_fixes.TestProductsQueryParams" name="test_query_combos_200[category=flashlights&amp;brand=ASW&amp;sort=price_low&amp;min_price=400&amp;max_price=2000&amp;deal=1]" time="0.096" /><testcase classname="tests.backend_test.TestCatalog" name="test_price_range" time="0.096" /><testcase classname="tests.test_iteration2_fixes.TestProductsQueryParams" name="test_deal_empty_equals_unfiltered" time="0.226" /><testcase classname="tests.backend_test.TestCatalog" name="test_detail_and_related" time="0.216" /><testcase classname="tests.test_iteration2_fixes.TestProductsQueryParams" name="test_deal_1_filters" time="0.265" /><testcase classname="tests.backend_test.TestCatalog" name="test_detail_404" time="0.137" /><testcase classname="tests.backend_test.TestCatalog" name="test_videos_present" time="0.109" /><testcase classname="tests.test_iteration2_fixes.TestProductsQueryParams" name="test_search_asw" time="0.098" /><testcase classname="tests.backend_test.TestCatalog" name="test_asw_special_categories" time="0.210" /><testcase classname="tests.test_iteration3.TestNotificationsAndOrders" name="test_notifications_require_auth" time="0.219" /><testcase classname="tests.backend_test.TestCatalog" name="test_categories_list" time="0.106" /><testcase classname="tests.test_iteration3.TestRegression" name="test_config" time="0.363" /><testcase classname="tests.test_iteration3.TestRegression" name="test_categories_and_products" time="0.217" /><testcase classname="tests.test_iteration3.TestNotificationsAndOrders" name="test_order_placed_notification_mock" time="0.834" /><testcase classname="tests.test_iteration3.TestRegression" name="test_filters_and_sort" time="0.652" /><testcase classname="tests.test_iteration3.TestNotificationsAndOrders" name="test_cod_payment_pending" time="0.249" /><testcase classname="tests.test_iteration3.TestNotificationsAndOrders" name="test_razorpay_create_order_demo" time="0.098" /><testcase classname="tests.test_iteration3.TestNotificationsAndOrders" name="test_razorpay_create_order_requires_auth" time="0.133" /><testcase classname="tests.test_iteration3.TestRegression" name="test_brands" time="0.095" /><testcase classname="tests.test_iteration3.TestNotificationsAndOrders" name="test_razorpay_order_paid" time="0.249" /><testcase classname="tests.test_iteration3.TestRegression" name="test_product_404" time="0.138" /><testcase classname="tests.test_iteration3.TestNotificationsAndOrders" name="test_invalid_payment_method" time="0.352" /><testcase classname="tests.test_iteration3.TestNotificationsAndOrders" name="test_read_single_and_read_all" time="0.714" /><testcase classname="tests.test_iteration3.TestRegression" name="test_coupon_apply" time="0.855" /><testcase classname="tests.test_iteration3.TestRegression" name="test_cart_crud" time="0.609" /><testcase classname="tests.test_iteration3.TestNotificationsAndOrders" name="test_notifications_isolated_per_user" time="0.690" /><testcase classname="tests.test_iteration3.TestRegression" name="test_admin_endpoints" time="1.184" /><testcase classname="tests.test_iteration3.TestNotificationsAndOrders" name="test_assign_and_delivery_flow_notifications" time="1.939" /><testcase classname="tests.test_iteration3.TestRegression" name="test_admin_guard" time="0.202" /><testcase classname="tests.test_iteration3.TestRegression" name="test_theme_switch" time="0.588" /><testcase classname="tests.test_iteration3.TestRegression" name="test_otp_flow" time="0.501" /><testcase classname="tests.test_iteration3.TestNotificationsAndOrders" name="test_invalid_status_rejected" time="0.238" /><testcase classname="tests.test_iteration3.TestReviews" name="test_list_reviews_shape" time="0.101" /><testcase classname="tests.test_iteration3.TestNotificationsAndOrders" name="test_assign_unknown_partner_404" time="0.292" /><testcase classname="tests.test_iteration3.TestReviews" name="test_add_review_requires_auth" time="0.096" /><testcase classname="tests.test_iteration3.TestReviews" name="test_add_review_and_persist" time="0.194" /><testcase classname="tests.test_iteration3.TestNotificationsAndOrders" name="test_customer_cannot_assign" time="0.341" /><testcase classname="tests.test_iteration3.TestReviews" name="test_review_upsert_one_per_user" time="0.374" /><testcase classname="tests.backend_test.TestAuth" name="test_admin_login_role" time="0.361" /><testcase classname="tests.test_iteration3.TestReviews" name="test_average_matches_reviews" time="0.243" /><testcase classname="tests.test_iteration3.TestReviews" name="test_invalid_rating_rejected[0]" time="0.104" /><testcase classname="tests.test_iteration3.TestReviews" name="test_invalid_rating_rejected[6]" time="0.258" /><testcase classname="tests.backend_test.TestAuth" name="test_me" time="0.437" /><testcase classname="tests.test_iteration3.TestReviews" name="test_invalid_rating_rejected[-1]" time="0.096" /><testcase classname="tests.test_iteration3.TestReviews" name="test_invalid_rating_rejected[99]" time="0.098" /><testcase classname="tests.backend_test.TestAuth" name="test_me_no_token" time="0.097" /><testcase classname="tests.test_iteration3.TestReviews" name="test_unknown_product_404" time="0.107" /><testcase classname="tests.backend_test.TestAuth" name="test_me_bad_token" time="0.134" /><testcase classname="tests.backend_test.TestAuth" name="test_bad_password" time="0.495" /><testcase classname="tests.backend_test.TestAdmin" name="test_non_admin_blocked" time="1.528" /><testcase classname="tests.backend_test.TestAuth" name="test_register_new_customer" time="0.564" /><testcase classname="tests.backend_test.TestAuth" name="test_register_role_escalation_blocked" time="0.326" /><testcase classname="tests.backend_test.TestAuth" name="test_otp_flow" time="0.629" /><testcase classname="tests.backend_test.TestAdmin" name="test_product_crud" time="1.170" /><testcase classname="tests.backend_test.TestAuth" name="test_bcrypt_hash_not_exposed" time="0.099" /><testcase classname="tests.backend_test.TestOrders" name="test_empty_cart_rejected" time="21.232" /><testcase classname="tests.backend_test.TestAdmin" name="test_category_crud" time="60.520" /><testcase classname="tests.backend_test.TestOrders" name="test_checkout_flow" time="0.750" /><testcase classname="tests.backend_test.TestOrders" name="test_cod_payment_pending" time="0.289" /><testcase classname="tests.backend_test.TestOrders" name="test_other_user_order_forbidden" time="0.422" /><testcase classname="tests.test_iteration2_fixes.TestPayment" name="test_valid_payment_methods[mock-paid]" time="0.720" /><testcase classname="tests.test_iteration2_fixes.TestPayment" name="test_valid_payment_methods[cod-pending]" time="0.377" /><testcase classname="tests.test_iteration2_fixes.TestPayment" name="test_valid_payment_methods[razorpay-paid]" time="0.426" /><testcase classname="tests.test_iteration2_fixes.TestPayment" name="test_invalid_payment_method_400" time="0.698" /><testcase classname="tests.test_iteration3.TestAuthBasics" name="test_credentials_file_present" time="0.000" /><testcase classname="tests.test_iteration3.TestAuthBasics" name="test_login_all_roles" time="0.314" /><testcase classname="tests.test_iteration3.TestAuthBasics" name="test_login_invalid_password" time="0.328" /><testcase classname="tests.test_iteration3.TestAuthBasics" name="test_bcrypt_hash_format" time="0.072" /><testcase classname="tests.backend_test.TestConfig" name="test_config" time="0.094" /><testcase classname="tests.backend_test.TestConfig" name="test_admin_config_switch" time="0.404" /><testcase classname="tests.backend_test.TestConfig" name="test_config_requires_admin" time="0.115" /><testcase classname="tests.test_iteration2_fixes.TestStock" name="test_cart_caps_qty_at_stock" time="0.896" /><testcase classname="tests.test_iteration2_fixes.TestStock" name="test_order_rejects_qty_over_stock" time="20.435" /><testcase classname="tests.test_iteration2_fixes.TestStock" name="test_stock_decrements_after_order" time="0.732" /><testcase classname="tests.backend_test.TestCart" name="test_cart_requires_auth" time="0.098" /><testcase classname="tests.backend_test.TestCart" name="test_cart_crud_and_coupons" time="20.724" /><testcase classname="tests.backend_test.TestAdmin" name="test_coupon_crud" time="0.519" /><testcase classname="tests.backend_test.TestAdmin" name="test_users_and_role_change" time="0.741" /><testcase classname="tests.backend_test.TestAdmin" name="test_analytics" time="0.118" /><testcase classname="tests.test_iteration2_fixes.TestAdmin404" name="test_update_missing_product_404" time="0.414" /><testcase classname="tests.test_iteration2_fixes.TestAdmin404" name="test_delete_missing_product_404" time="0.094" /><testcase classname="tests.test_iteration2_fixes.TestAuthHardening" name="test_bcrypt_hash_format" time="0.059" /><testcase classname="tests.test_iteration2_fixes.TestAuthHardening" name="test_repeated_bad_logins" time="2.269" /><testcase classname="tests.backend_test.TestDelivery" name="test_assign_and_advance" time="1.807" /><testcase classname="tests.test_iteration2_fixes.TestVideos" name="test_comb_blender_9509_videos" time="0.099" /><testcase classname="tests.test_iteration2_fixes.TestVideos" name="test_video_urls_reachable" time="0.444" /></testsuite></testsuites>