<?xml version="1.0" encoding="utf-8"?><testsuites name="pytest tests"><testsuite name="pytest" errors="0" failures="0" skipped="0" tests="68" time="80.203" timestamp="2026-08-15T15:49:17.978680+00:00" hostname="agent-env-220faf49-dde9-4898-ad67-7c2ed4572f1c"><testcase classname="tests.backend_test.TestCatalog" name="test_list" time="0.118" /><testcase classname="tests.test_iteration2_fixes.TestProductsQueryParams" name="test_query_combos_200[deal=]" time="0.129" /><testcase classname="tests.backend_test.TestCatalog" name="test_pagination" time="0.210" /><testcase classname="tests.test_iteration2_fixes.TestProductsQueryParams" name="test_query_combos_200[deal=1]" time="0.135" /><testcase classname="tests.test_iteration2_fixes.TestProductsQueryParams" name="test_query_combos_200[category=flashlights]" time="0.115" /><testcase classname="tests.backend_test.TestCatalog" name="test_search" time="0.116" /><testcase classname="tests.test_iteration2_fixes.TestProductsQueryParams" name="test_query_combos_200[search=asw]" time="0.099" /><testcase classname="tests.backend_test.TestCatalog" name="test_category_filter" time="0.111" /><testcase classname="tests.test_iteration2_fixes.TestProductsQueryParams" name="test_query_combos_200[brand=ASW]" time="0.099" /><testcase classname="tests.backend_test.TestCatalog" name="test_brand_filter_and_brands_endpoint" time="0.197" /><testcase classname="tests.test_iteration2_fixes.TestProductsQueryParams" name="test_query_combos_200[sort=price_low]" time="0.103" /><testcase classname="tests.test_iteration2_fixes.TestProductsQueryParams" name="test_query_combos_200[sort=price_high]" time="0.105" /><testcase classname="tests.backend_test.TestCatalog" name="test_sorting[price_low-price-False]" time="0.094" /><testcase classname="tests.test_iteration2_fixes.TestProductsQueryParams" name="test_query_combos_200[sort=rating]" time="0.111" /><testcase classname="tests.backend_test.TestCatalog" name="test_sorting[price_high-price-True]" time="0.101" /><testcase classname="tests.test_iteration2_fixes.TestProductsQueryParams" name="test_query_combos_200[sort=discount]" time="0.099" /><testcase classname="tests.backend_test.TestCatalog" name="test_sorting[rating-rating-True]" time="0.118" /><testcase classname="tests.test_iteration2_fixes.TestProductsQueryParams" name="test_query_combos_200[min_price=0&amp;max_price=200000]" time="0.106" /><testcase classname="tests.backend_test.TestCatalog" name="test_sorting[discount-discount_pct-True]" time="0.113" /><testcase classname="tests.test_iteration2_fixes.TestProductsQueryParams" name="test_query_combos_200[deal=&amp;category=&amp;brand=&amp;search=&amp;sort=popular]" time="0.100" /><testcase classname="tests.backend_test.TestCatalog" name="test_price_range" time="0.100" /><testcase classname="tests.test_iteration2_fixes.TestProductsQueryParams" name="test_query_combos_200[category=flashlights&amp;brand=ASW&amp;sort=price_low&amp;min_price=400&amp;max_price=2000&amp;deal=1]" time="0.135" /><testcase classname="tests.backend_test.TestCatalog" name="test_detail_and_related" time="0.522" /><testcase classname="tests.test_iteration2_fixes.TestProductsQueryParams" name="test_deal_empty_equals_unfiltered" time="0.214" /><testcase classname="tests.test_iteration2_fixes.TestProductsQueryParams" name="test_deal_1_filters" time="0.215" /><testcase classname="tests.test_iteration2_fixes.TestProductsQueryParams" name="test_search_asw" time="0.101" /><testcase classname="tests.backend_test.TestCatalog" name="test_detail_404" time="0.145" /><testcase classname="tests.backend_test.TestAuth" name="test_admin_login_role" time="0.320" /><testcase classname="tests.backend_test.TestCatalog" name="test_videos_present" time="0.256" /><testcase classname="tests.backend_test.TestCatalog" name="test_asw_special_categories" time="0.411" /><testcase classname="tests.backend_test.TestAuth" name="test_me" time="0.425" /><testcase classname="tests.backend_test.TestCatalog" name="test_categories_list" time="0.088" /><testcase classname="tests.backend_test.TestAuth" name="test_me_no_token" time="0.156" /><testcase classname="tests.backend_test.TestAuth" name="test_me_bad_token" time="0.246" /><testcase classname="tests.backend_test.TestAuth" name="test_bad_password" time="0.320" /><testcase classname="tests.backend_test.TestAdmin" name="test_non_admin_blocked" time="1.691" /><testcase classname="tests.backend_test.TestAuth" name="test_register_new_customer" time="0.529" /><testcase classname="tests.backend_test.TestAuth" name="test_register_role_escalation_blocked" time="0.326" /><testcase classname="tests.backend_test.TestAuth" name="test_otp_flow" time="0.740" /><testcase classname="tests.backend_test.TestAdmin" name="test_product_crud" time="1.242" /><testcase classname="tests.backend_test.TestAuth" name="test_bcrypt_hash_not_exposed" time="0.153" /><testcase classname="tests.backend_test.TestOrders" name="test_empty_cart_rejected" time="0.530" /><testcase classname="tests.backend_test.TestOrders" name="test_checkout_flow" time="0.752" /><testcase classname="tests.backend_test.TestAdmin" name="test_category_crud" time="0.427" /><testcase classname="tests.backend_test.TestAdmin" name="test_coupon_crud" time="0.602" /><testcase classname="tests.backend_test.TestOrders" name="test_cod_payment_pending" time="0.291" /><testcase classname="tests.backend_test.TestAdmin" name="test_users_and_role_change" time="1.075" /><testcase classname="tests.backend_test.TestOrders" name="test_other_user_order_forbidden" time="0.639" /><testcase classname="tests.test_iteration2_fixes.TestPayment" name="test_valid_payment_methods[mock-paid]" time="0.713" /><testcase classname="tests.backend_test.TestAdmin" name="test_analytics" time="0.103" /><testcase classname="tests.backend_test.TestConfig" name="test_config" time="0.101" /><testcase classname="tests.backend_test.TestConfig" name="test_admin_config_switch" time="41.745" /><testcase classname="tests.test_iteration2_fixes.TestPayment" name="test_valid_payment_methods[cod-pending]" time="50.298" /><testcase classname="tests.backend_test.TestConfig" name="test_config_requires_admin" time="7.319" /><testcase classname="tests.test_iteration2_fixes.TestStock" name="test_cart_caps_qty_at_stock" time="12.989" /><testcase classname="tests.test_iteration2_fixes.TestPayment" name="test_valid_payment_methods[razorpay-pending]" time="7.606" /><testcase classname="tests.test_iteration2_fixes.TestPayment" name="test_invalid_payment_method_400" time="0.798" /><testcase classname="tests.backend_test.TestCart" name="test_cart_requires_auth" time="0.098" /><testcase classname="tests.backend_test.TestCart" name="test_cart_crud_and_coupons" time="12.606" /><testcase classname="tests.test_iteration2_fixes.TestStock" name="test_order_rejects_qty_over_stock" time="1.081" /><testcase classname="tests.test_iteration2_fixes.TestStock" name="test_stock_decrements_after_order" time="0.718" /><testcase classname="tests.test_iteration2_fixes.TestAdmin404" name="test_update_missing_product_404" time="0.109" /><testcase classname="tests.test_iteration2_fixes.TestAdmin404" name="test_delete_missing_product_404" time="0.107" /><testcase classname="tests.test_iteration2_fixes.TestAuthHardening" name="test_bcrypt_hash_format" time="0.069" /><testcase classname="tests.test_iteration2_fixes.TestAuthHardening" name="test_repeated_bad_logins" time="2.286" /><testcase classname="tests.backend_test.TestDelivery" name="test_assign_and_advance" time="1.882" /><testcase classname="tests.test_iteration2_fixes.TestVideos" name="test_comb_blender_9509_videos" time="0.097" /><testcase classname="tests.test_iteration2_fixes.TestVideos" name="test_video_urls_reachable" time="0.346" /></testsuite></testsuites>